<?xml version="1.0" encoding="UTF-8"?>
<!-- Generated by org.testng.reporters.JUnitReportReporter -->
<testsuite hostname="rohinikmarismbp.lan" failures="0" tests="12" name="com.rohini.predict.ReqresAPITest" time="12.273" errors="0" timestamp="2022-07-23T18:03:43 PDT" skipped="0">
  <testcase classname="com.rohini.predict.ReqresAPITest" name="deleteUser" time="0.624"/>
  <system-out/>
  <testcase classname="com.rohini.predict.ReqresAPITest" name="loginUserFailure" time="0.415"/>
  <system-out/>
  <testcase classname="com.rohini.predict.ReqresAPITest" name="validateUserRegistrationLoginFlows" time="1.212"/>
  <system-out/>
  <testcase classname="com.rohini.predict.ReqresAPITest" name="registerUser" time="0.451"/>
  <system-out/>
  <testcase classname="com.rohini.predict.ReqresAPITest" name="retrieveGvnUser" time="0.611"/>
  <system-out/>
  <testcase classname="com.rohini.predict.ReqresAPITest" name="retrieveListOfUsers" time="0.105"/>
  <system-out/>
  <testcase classname="com.rohini.predict.ReqresAPITest" name="registerUserFailure" time="0.561"/>
  <system-out/>
  <testcase classname="com.rohini.predict.ReqresAPITest" name="updateUser" time="0.440"/>
  <system-out/>
  <testcase classname="com.rohini.predict.ReqresAPITest" name="createUser" time="2.511"/>
  <system-out/>
  <testcase classname="com.rohini.predict.ReqresAPITest" name="createUserAndListAllUsers" time="1.164"/>
  <system-out/>
  <testcase classname="com.rohini.predict.ReqresAPITest" name="userDelayed" time="3.565"/>
  <system-out/>
  <testcase classname="com.rohini.predict.ReqresAPITest" name="loginUser" time="0.614"/>
  <system-out/>
</testsuite> <!-- com.rohini.predict.ReqresAPITest -->
